c:\fs\srp\szeckirthomaz_lab4\szeckirt.2b13cb73\x64\debug\vc143.pdb
c:\fs\srp\szeckirthomaz_lab4\szeckirt.2b13cb73\x64\debug\vc143.idb
c:\fs\srp\szeckirthomaz_lab4\szeckirt.2b13cb73\x64\debug\szeckirthomaz_lab4.obj
c:\fs\srp\szeckirthomaz_lab4\szeckirt.2b13cb73\x64\debug\baseaccount.obj
c:\fs\srp\szeckirthomaz_lab4\szeckirt.2b13cb73\x64\debug\savingsaccount.obj
c:\fs\srp\szeckirthomaz_lab4\szeckirt.2b13cb73\x64\debug\creditaccount.obj
c:\fs\srp\szeckirthomaz_lab4\szeckirt.2b13cb73\x64\debug\checkingaccount.obj
c:\fs\srp\szeckirthomaz_lab4\x64\debug\szeckirthomaz_lab4.exe
c:\fs\srp\szeckirthomaz_lab4\x64\debug\szeckirthomaz_lab4.pdb
c:\fs\srp\szeckirthomaz_lab4\szeckirt.2b13cb73\x64\debug\szeckirthomaz_lab4.ilk
c:\fs\srp\szeckirthomaz_lab4\szeckirt.2b13cb73\x64\debug\szeckirt.2b13cb73.tlog\cl.command.1.tlog
c:\fs\srp\szeckirthomaz_lab4\szeckirt.2b13cb73\x64\debug\szeckirt.2b13cb73.tlog\cl.items.tlog
c:\fs\srp\szeckirthomaz_lab4\szeckirt.2b13cb73\x64\debug\szeckirt.2b13cb73.tlog\cl.read.1.tlog
c:\fs\srp\szeckirthomaz_lab4\szeckirt.2b13cb73\x64\debug\szeckirt.2b13cb73.tlog\cl.write.1.tlog
c:\fs\srp\szeckirthomaz_lab4\szeckirt.2b13cb73\x64\debug\szeckirt.2b13cb73.tlog\link.17048-cvtres.read.1.tlog
c:\fs\srp\szeckirthomaz_lab4\szeckirt.2b13cb73\x64\debug\szeckirt.2b13cb73.tlog\link.17048-cvtres.write.1.tlog
c:\fs\srp\szeckirthomaz_lab4\szeckirt.2b13cb73\x64\debug\szeckirt.2b13cb73.tlog\link.17048-rc.read.1.tlog
c:\fs\srp\szeckirthomaz_lab4\szeckirt.2b13cb73\x64\debug\szeckirt.2b13cb73.tlog\link.17048-rc.write.1.tlog
c:\fs\srp\szeckirthomaz_lab4\szeckirt.2b13cb73\x64\debug\szeckirt.2b13cb73.tlog\link.17048.read.1.tlog
c:\fs\srp\szeckirthomaz_lab4\szeckirt.2b13cb73\x64\debug\szeckirt.2b13cb73.tlog\link.17048.read.2.tlog
c:\fs\srp\szeckirthomaz_lab4\szeckirt.2b13cb73\x64\debug\szeckirt.2b13cb73.tlog\link.17048.read.3.tlog
c:\fs\srp\szeckirthomaz_lab4\szeckirt.2b13cb73\x64\debug\szeckirt.2b13cb73.tlog\link.17048.read.4.tlog
c:\fs\srp\szeckirthomaz_lab4\szeckirt.2b13cb73\x64\debug\szeckirt.2b13cb73.tlog\link.17048.read.5.tlog
c:\fs\srp\szeckirthomaz_lab4\szeckirt.2b13cb73\x64\debug\szeckirt.2b13cb73.tlog\link.17048.write.1.tlog
c:\fs\srp\szeckirthomaz_lab4\szeckirt.2b13cb73\x64\debug\szeckirt.2b13cb73.tlog\link.command.1.tlog
c:\fs\srp\szeckirthomaz_lab4\szeckirt.2b13cb73\x64\debug\szeckirt.2b13cb73.tlog\link.read.1.tlog
c:\fs\srp\szeckirthomaz_lab4\szeckirt.2b13cb73\x64\debug\szeckirt.2b13cb73.tlog\link.secondary.1.tlog
c:\fs\srp\szeckirthomaz_lab4\szeckirt.2b13cb73\x64\debug\szeckirt.2b13cb73.tlog\link.write.1.tlog
